{"C:\\Users\\aleksandr.shepilov\\Desktop\\Test React-HW-11\\src\\components\\ui\\Button\\Button.tsx": {"path":"C:\\Users\\aleksandr.shepilov\\Desktop\\Test React-HW-11\\src\\components\\ui\\Button\\Button.tsx","statementMap":{"0":{"start":{"line":1,"column":0},"end":{"line":1,"column":26}},"1":{"start":{"line":2,"column":0},"end":{"line":2,"column":22}},"2":{"start":{"line":10,"column":45},"end":{"line":26,"column":1}},"3":{"start":{"line":16,"column":2},"end":{"line":25,"column":4}},"4":{"start":{"line":10,"column":13},"end":{"line":10,"column":45}}},"fnMap":{"0":{"name":"(anonymous_1)","decl":{"start":{"line":10,"column":45},"end":{"line":10,"column":46}},"loc":{"start":{"line":15,"column":5},"end":{"line":26,"column":1}}}},"branchMap":{"0":{"loc":{"start":{"line":13,"column":2},"end":{"line":13,"column":16}},"type":"default-arg","locations":[{"start":{"line":13,"column":14},"end":{"line":13,"column":16}}]}},"s":{"0":1,"1":1,"2":1,"3":1,"4":1},"f":{"0":1},"b":{"0":[0]}}
,"C:\\Users\\aleksandr.shepilov\\Desktop\\Test React-HW-11\\src\\components\\ui\\Input\\Input.tsx": {"path":"C:\\Users\\aleksandr.shepilov\\Desktop\\Test React-HW-11\\src\\components\\ui\\Input\\Input.tsx","statementMap":{"0":{"start":{"line":1,"column":0},"end":{"line":1,"column":26}},"1":{"start":{"line":2,"column":0},"end":{"line":2,"column":21}},"2":{"start":{"line":8,"column":43},"end":{"line":10,"column":1}},"3":{"start":{"line":9,"column":2},"end":{"line":9,"column":75}},"4":{"start":{"line":8,"column":13},"end":{"line":8,"column":43}}},"fnMap":{"0":{"name":"(anonymous_1)","decl":{"start":{"line":8,"column":43},"end":{"line":8,"column":44}},"loc":{"start":{"line":8,"column":91},"end":{"line":10,"column":1}}}},"branchMap":{"0":{"loc":{"start":{"line":8,"column":46},"end":{"line":8,"column":59}},"type":"default-arg","locations":[{"start":{"line":8,"column":53},"end":{"line":8,"column":59}}]},"1":{"loc":{"start":{"line":8,"column":61},"end":{"line":8,"column":75}},"type":"default-arg","locations":[{"start":{"line":8,"column":73},"end":{"line":8,"column":75}}]}},"s":{"0":1,"1":1,"2":1,"3":3,"4":1},"f":{"0":3},"b":{"0":[0],"1":[2]}}
,"C:\\Users\\aleksandr.shepilov\\Desktop\\Test React-HW-11\\src\\hooks\\useCart.ts": {"path":"C:\\Users\\aleksandr.shepilov\\Desktop\\Test React-HW-11\\src\\hooks\\useCart.ts","statementMap":{"0":{"start":{"line":1,"column":0},"end":{"line":1,"column":55}},"1":{"start":{"line":3,"column":0},"end":{"line":3,"column":63}},"2":{"start":{"line":5,"column":23},"end":{"line":18,"column":1}},"3":{"start":{"line":6,"column":15},"end":{"line":6,"column":65}},"4":{"start":{"line":6,"column":49},"end":{"line":6,"column":64}},"5":{"start":{"line":7,"column":19},"end":{"line":7,"column":32}},"6":{"start":{"line":9,"column":14},"end":{"line":11,"column":3}},"7":{"start":{"line":10,"column":4},"end":{"line":10,"column":40}},"8":{"start":{"line":13,"column":17},"end":{"line":15,"column":3}},"9":{"start":{"line":14,"column":4},"end":{"line":14,"column":33}},"10":{"start":{"line":17,"column":2},"end":{"line":17,"column":31}},"11":{"start":{"line":5,"column":13},"end":{"line":5,"column":23}}},"fnMap":{"0":{"name":"(anonymous_0)","decl":{"start":{"line":5,"column":23},"end":{"line":5,"column":26}},"loc":{"start":{"line":5,"column":28},"end":{"line":18,"column":1}}},"1":{"name":"(anonymous_1)","decl":{"start":{"line":6,"column":27},"end":{"line":6,"column":28}},"loc":{"start":{"line":6,"column":49},"end":{"line":6,"column":64}}},"2":{"name":"(anonymous_2)","decl":{"start":{"line":9,"column":14},"end":{"line":9,"column":15}},"loc":{"start":{"line":9,"column":45},"end":{"line":11,"column":3}}},"3":{"name":"(anonymous_3)","decl":{"start":{"line":13,"column":17},"end":{"line":13,"column":18}},"loc":{"start":{"line":13,"column":32},"end":{"line":15,"column":3}}}},"branchMap":{},"s":{"0":1,"1":1,"2":1,"3":9,"4":20,"5":9,"6":9,"7":5,"8":9,"9":2,"10":9,"11":1},"f":{"0":9,"1":20,"2":5,"3":2},"b":{}}
,"C:\\Users\\aleksandr.shepilov\\Desktop\\Test React-HW-11\\src\\pages\\Order\\Order.tsx": {"path":"C:\\Users\\aleksandr.shepilov\\Desktop\\Test React-HW-11\\src\\pages\\Order\\Order.tsx","statementMap":{"0":{"start":{"line":1,"column":0},"end":{"line":1,"column":51}},"1":{"start":{"line":2,"column":0},"end":{"line":2,"column":21}},"2":{"start":{"line":3,"column":0},"end":{"line":3,"column":41}},"3":{"start":{"line":4,"column":0},"end":{"line":4,"column":54}},"4":{"start":{"line":5,"column":0},"end":{"line":5,"column":51}},"5":{"start":{"line":15,"column":24},"end":{"line":114,"column":1}},"6":{"start":{"line":16,"column":27},"end":{"line":16,"column":36}},"7":{"start":{"line":17,"column":21},"end":{"line":17,"column":38}},"8":{"start":{"line":19,"column":28},"end":{"line":19,"column":48}},"9":{"start":{"line":20,"column":32},"end":{"line":20,"column":46}},"10":{"start":{"line":22,"column":2},"end":{"line":62,"column":29}},"11":{"start":{"line":23,"column":23},"end":{"line":54,"column":5}},"12":{"start":{"line":24,"column":6},"end":{"line":53,"column":7}},"13":{"start":{"line":25,"column":23},"end":{"line":25,"column":55}},"14":{"start":{"line":26,"column":8},"end":{"line":34,"column":9}},"15":{"start":{"line":27,"column":25},"end":{"line":27,"column":53}},"16":{"start":{"line":28,"column":27},"end":{"line":29,"column":null}},"17":{"start":{"line":29,"column":12},"end":{"line":29,"column":40}},"18":{"start":{"line":31,"column":10},"end":{"line":31,"column":29}},"19":{"start":{"line":32,"column":10},"end":{"line":32,"column":28}},"20":{"start":{"line":33,"column":10},"end":{"line":33,"column":17}},"21":{"start":{"line":36,"column":32},"end":{"line":36,"column":34}},"22":{"start":{"line":38,"column":8},"end":{"line":45,"column":9}},"23":{"start":{"line":39,"column":22},"end":{"line":40,"column":null}},"24":{"start":{"line":42,"column":23},"end":{"line":42,"column":39}},"25":{"start":{"line":43,"column":10},"end":{"line":43,"column":29}},"26":{"start":{"line":44,"column":10},"end":{"line":44,"column":55}},"27":{"start":{"line":44,"column":35},"end":{"line":44,"column":53}},"28":{"start":{"line":47,"column":8},"end":{"line":47,"column":26}},"29":{"start":{"line":48,"column":8},"end":{"line":48,"column":66}},"30":{"start":{"line":50,"column":8},"end":{"line":50,"column":43}},"31":{"start":{"line":52,"column":8},"end":{"line":52,"column":26}},"32":{"start":{"line":56,"column":4},"end":{"line":61,"column":5}},"33":{"start":{"line":57,"column":6},"end":{"line":57,"column":19}},"34":{"start":{"line":59,"column":6},"end":{"line":59,"column":19}},"35":{"start":{"line":60,"column":6},"end":{"line":60,"column":24}},"36":{"start":{"line":64,"column":2},"end":{"line":64,"column":66}},"37":{"start":{"line":64,"column":15},"end":{"line":64,"column":66}},"38":{"start":{"line":66,"column":2},"end":{"line":113,"column":4}},"39":{"start":{"line":72,"column":10},"end":{"line":72,"column":null}},"40":{"start":{"line":90,"column":31},"end":{"line":90,"column":46}},"41":{"start":{"line":116,"column":0},"end":{"line":116,"column":21}}},"fnMap":{"0":{"name":"(anonymous_9)","decl":{"start":{"line":15,"column":24},"end":{"line":15,"column":27}},"loc":{"start":{"line":15,"column":29},"end":{"line":114,"column":1}}},"1":{"name":"(anonymous_10)","decl":{"start":{"line":22,"column":12},"end":{"line":22,"column":15}},"loc":{"start":{"line":22,"column":17},"end":{"line":62,"column":3}}},"2":{"name":"(anonymous_11)","decl":{"start":{"line":23,"column":23},"end":{"line":23,"column":28}},"loc":{"start":{"line":23,"column":34},"end":{"line":54,"column":5}}},"3":{"name":"(anonymous_12)","decl":{"start":{"line":28,"column":41},"end":{"line":28,"column":42}},"loc":{"start":{"line":29,"column":12},"end":{"line":29,"column":40}}},"4":{"name":"(anonymous_13)","decl":{"start":{"line":44,"column":28},"end":{"line":44,"column":29}},"loc":{"start":{"line":44,"column":35},"end":{"line":44,"column":53}}},"5":{"name":"(anonymous_14)","decl":{"start":{"line":71,"column":19},"end":{"line":71,"column":20}},"loc":{"start":{"line":72,"column":10},"end":{"line":72,"column":null}}},"6":{"name":"(anonymous_15)","decl":{"start":{"line":90,"column":25},"end":{"line":90,"column":28}},"loc":{"start":{"line":90,"column":31},"end":{"line":90,"column":46}}}},"branchMap":{"0":{"loc":{"start":{"line":26,"column":8},"end":{"line":34,"column":9}},"type":"if","locations":[{"start":{"line":26,"column":8},"end":{"line":34,"column":9}},{"start":{},"end":{}}]},"1":{"loc":{"start":{"line":56,"column":4},"end":{"line":61,"column":5}},"type":"if","locations":[{"start":{"line":56,"column":4},"end":{"line":61,"column":5}},{"start":{"line":58,"column":11},"end":{"line":61,"column":5}}]},"2":{"loc":{"start":{"line":64,"column":2},"end":{"line":64,"column":66}},"type":"if","locations":[{"start":{"line":64,"column":2},"end":{"line":64,"column":66}},{"start":{},"end":{}}]}},"s":{"0":1,"1":1,"2":1,"3":1,"4":1,"5":1,"6":3,"7":3,"8":3,"9":3,"10":3,"11":2,"12":2,"13":2,"14":2,"15":0,"16":0,"17":0,"18":0,"19":0,"20":0,"21":2,"22":2,"23":2,"24":2,"25":2,"26":2,"27":2,"28":2,"29":2,"30":0,"31":2,"32":2,"33":2,"34":0,"35":0,"36":3,"37":2,"38":1,"39":1,"40":0,"41":1},"f":{"0":3,"1":2,"2":2,"3":0,"4":2,"5":1,"6":0},"b":{"0":[0,2],"1":[2,0],"2":[2,1]}}
,"C:\\Users\\aleksandr.shepilov\\Desktop\\Test React-HW-11\\src\\redux\\cartSlice.ts": {"path":"C:\\Users\\aleksandr.shepilov\\Desktop\\Test React-HW-11\\src\\redux\\cartSlice.ts","statementMap":{"0":{"start":{"line":1,"column":0},"end":{"line":1,"column":62}},"1":{"start":{"line":9,"column":23},"end":{"line":12,"column":1}},"2":{"start":{"line":10,"column":17},"end":{"line":10,"column":47}},"3":{"start":{"line":11,"column":2},"end":{"line":11,"column":42}},"4":{"start":{"line":14,"column":32},"end":{"line":16,"column":2}},"5":{"start":{"line":18,"column":18},"end":{"line":36,"column":2}},"6":{"start":{"line":23,"column":29},"end":{"line":23,"column":43}},"7":{"start":{"line":24,"column":6},"end":{"line":24,"column":54}},"8":{"start":{"line":25,"column":6},"end":{"line":25,"column":65}},"9":{"start":{"line":28,"column":6},"end":{"line":28,"column":40}},"10":{"start":{"line":29,"column":6},"end":{"line":29,"column":65}},"11":{"start":{"line":32,"column":6},"end":{"line":32,"column":22}},"12":{"start":{"line":33,"column":6},"end":{"line":33,"column":40}},"13":{"start":{"line":38,"column":13},"end":{"line":38,"column":56}},"14":{"start":{"line":39,"column":0},"end":{"line":39,"column":33}}},"fnMap":{"0":{"name":"(anonymous_0)","decl":{"start":{"line":9,"column":23},"end":{"line":9,"column":32}},"loc":{"start":{"line":9,"column":34},"end":{"line":12,"column":1}}},"1":{"name":"(anonymous_1)","decl":{"start":{"line":22,"column":4},"end":{"line":22,"column":13}},"loc":{"start":{"line":22,"column":74},"end":{"line":26,"column":5}}},"2":{"name":"(anonymous_2)","decl":{"start":{"line":27,"column":4},"end":{"line":27,"column":18}},"loc":{"start":{"line":27,"column":55},"end":{"line":30,"column":5}}},"3":{"name":"(anonymous_3)","decl":{"start":{"line":31,"column":4},"end":{"line":31,"column":13}},"loc":{"start":{"line":31,"column":19},"end":{"line":34,"column":5}}}},"branchMap":{"0":{"loc":{"start":{"line":11,"column":9},"end":{"line":11,"column":41}},"type":"cond-expr","locations":[{"start":{"line":11,"column":18},"end":{"line":11,"column":36}},{"start":{"line":11,"column":39},"end":{"line":11,"column":41}}]},"1":{"loc":{"start":{"line":24,"column":24},"end":{"line":24,"column":43}},"type":"binary-expr","locations":[{"start":{"line":24,"column":24},"end":{"line":24,"column":38}},{"start":{"line":24,"column":42},"end":{"line":24,"column":43}}]}},"s":{"0":2,"1":2,"2":2,"3":2,"4":2,"5":2,"6":5,"7":5,"8":5,"9":2,"10":2,"11":5,"12":5,"13":2,"14":2},"f":{"0":2,"1":5,"2":2,"3":5},"b":{"0":[0,2],"1":[5,4]}}
}
