TN:
SF:src\components\ui\Button\Button.tsx
FN:10,(anonymous_1)
FNF:1
FNH:1
FNDA:1,(anonymous_1)
DA:1,1
DA:2,1
DA:10,1
DA:16,1
LF:4
LH:4
BRDA:13,0,0,0
BRF:1
BRH:0
end_of_record
TN:
SF:src\components\ui\Input\Input.tsx
FN:8,(anonymous_1)
FNF:1
FNH:1
FNDA:3,(anonymous_1)
DA:1,1
DA:2,1
DA:8,1
DA:9,3
LF:4
LH:4
BRDA:8,0,0,0
BRDA:8,1,0,2
BRF:2
BRH:1
end_of_record
TN:
SF:src\hooks\useCart.ts
FN:5,(anonymous_0)
FN:6,(anonymous_1)
FN:9,(anonymous_2)
FN:13,(anonymous_3)
FNF:4
FNH:4
FNDA:9,(anonymous_0)
FNDA:20,(anonymous_1)
FNDA:5,(anonymous_2)
FNDA:2,(anonymous_3)
DA:1,1
DA:3,1
DA:5,1
DA:6,20
DA:7,9
DA:9,9
DA:10,5
DA:13,9
DA:14,2
DA:17,9
LF:10
LH:10
BRF:0
BRH:0
end_of_record
TN:
SF:src\pages\Order\Order.tsx
FN:15,(anonymous_9)
FN:22,(anonymous_10)
FN:23,(anonymous_11)
FN:28,(anonymous_12)
FN:44,(anonymous_13)
FN:71,(anonymous_14)
FN:90,(anonymous_15)
FNF:7
FNH:5
FNDA:3,(anonymous_9)
FNDA:2,(anonymous_10)
FNDA:2,(anonymous_11)
FNDA:0,(anonymous_12)
FNDA:2,(anonymous_13)
FNDA:1,(anonymous_14)
FNDA:0,(anonymous_15)
DA:1,1
DA:2,1
DA:3,1
DA:4,1
DA:5,1
DA:15,1
DA:16,3
DA:17,3
DA:19,3
DA:20,3
DA:22,3
DA:23,2
DA:24,2
DA:25,2
DA:26,2
DA:27,0
DA:28,0
DA:29,0
DA:31,0
DA:32,0
DA:33,0
DA:36,2
DA:38,2
DA:39,2
DA:42,2
DA:43,2
DA:44,2
DA:47,2
DA:48,2
DA:50,0
DA:52,2
DA:56,2
DA:57,2
DA:59,0
DA:60,0
DA:64,3
DA:66,1
DA:72,1
DA:90,0
DA:116,1
LF:40
LH:30
BRDA:26,0,0,0
BRDA:26,0,1,2
BRDA:56,1,0,2
BRDA:56,1,1,0
BRDA:64,2,0,2
BRDA:64,2,1,1
BRF:6
BRH:4
end_of_record
TN:
SF:src\redux\cartSlice.ts
FN:9,(anonymous_0)
FN:22,(anonymous_1)
FN:27,(anonymous_2)
FN:31,(anonymous_3)
FNF:4
FNH:4
FNDA:2,(anonymous_0)
FNDA:5,(anonymous_1)
FNDA:2,(anonymous_2)
FNDA:5,(anonymous_3)
DA:1,2
DA:9,2
DA:10,2
DA:11,2
DA:14,2
DA:18,2
DA:23,5
DA:24,5
DA:25,5
DA:28,2
DA:29,2
DA:32,5
DA:33,5
DA:38,2
DA:39,2
LF:15
LH:15
BRDA:11,0,0,0
BRDA:11,0,1,2
BRDA:24,1,0,5
BRDA:24,1,1,4
BRF:4
BRH:3
end_of_record
